commit 8da85fbea7bf8a6f4db307b6f19240833988fd48
Author: Andres Velarde <andersonvelarde25@gmail.com>
Date:   Tue Dec 23 11:16:11 2025 -0400

    nuevo contenido

commit 735c7e6bff011ac0f0d6205ddca8ca1e876677be
Merge: 6e04f4f 5858c0f
Author: Andres Velarde <andersonvelarde25@gmail.com>
Date:   Tue Dec 23 11:14:37 2025 -0400

    Finalizacion del conflicto

commit 5858c0fc99b8162cde0a37b19c5b72e8e809de1d
Author: Andres Velarde <andersonvelarde25@gmail.com>
Date:   Tue Dec 23 11:12:24 2025 -0400

    agregando lista

commit 6e04f4f255b6dfbfdd6d4ad691e3eaf62c8c066b
Author: Andres Velarde <andersonvelarde25@gmail.com>
Date:   Tue Dec 23 11:09:35 2025 -0400

    nuevo parrafo

commit 72804a18a02c1702dd2e1a5850ce6af7fbc14b5d
Merge: 86536ff 2dfc8e4
Author: Andres Velarde <andersonvelarde25@gmail.com>
Date:   Tue Dec 23 10:54:32 2025 -0400

    nuevo contenido

commit 86536ff04648eecbd572254691457d3c0b70723c
Merge: cd07a26 78467d1
Author: Andres Velarde <andersonvelarde25@gmail.com>
Date:   Tue Dec 23 10:50:50 2025 -0400

    Merge branch 'css'

commit cd07a26498032591b23830ade6d651a67c6f7933
Merge: 4a8059f 3462479
Author: Andres Velarde <andersonvelarde25@gmail.com>
Date:   Tue Dec 23 10:49:11 2025 -0400

    Merge branch 'html'

commit 4a8059fee262582d57b241822711c4a85dbc112c
Author: Andres Velarde <andersonvelarde25@gmail.com>
Date:   Tue Dec 23 10:45:48 2025 -0400

    Nuevo contenido al radme

commit c3051fe07e93de3bf6b1792055592079fb6faa9c
Author: Andres Velarde <andersonvelarde25@gmail.com>
Date:   Mon Dec 22 18:57:36 2025 -0400

    nuevos contenidos

commit 2dfc8e4de67d12c97d55fed26d9bfcad16294fb3
Author: Andres Velarde <andersonvelarde25@gmail.com>
Date:   Mon Dec 22 18:50:21 2025 -0400

    nuevo archivo java

commit 78467d1a5f153ca6a2ae99dfbab3ca5d90755198
Author: Andres Velarde <andersonvelarde25@gmail.com>
Date:   Mon Dec 22 18:46:47 2025 -0400

    nuevos cambios

commit 29768cc0371b02043cf41113bad7cc7a745fe67b
Author: Andres Velarde <andersonvelarde25@gmail.com>
Date:   Mon Dec 22 18:38:24 2025 -0400

    Nuevo archivo css

commit 346247923b01eb6f3e676e94c046192fba145162
Author: Andres Velarde <andersonvelarde25@gmail.com>
Date:   Mon Dec 22 18:34:20 2025 -0400

    Nuevo archivo Html

commit cbd0174b9ede1a0c6b3cc93c097ba7f26488e7e4
Author: Andres Velarde <andersonvelarde25@gmail.com>
Date:   Mon Dec 22 15:27:17 2025 -0400

    Ignorando archivos exe

commit 609939fd21a4df4c907afce056672ea318b9dc29
Author: Andres Velarde <andersonvelarde25@gmail.com>
Date:   Sat Dec 20 12:01:09 2025 -0400

    Primer comit

commit 65e0d88ac4518f34c65b4a4b477e3e8bd3797415
Author: Andres Velarde <andersonvelarde25@gmail.com>
Date:   Fri Dec 19 12:21:10 2025 -0400

    Nuevo texto ingresado al readme

commit 942d681d57515a009ce5c7f04ecee5ee144efbf0
Author: SirAndrew20 <andersonvelarde25@gmail.com>
Date:   Fri Dec 19 12:04:31 2025 -0400

    Create LICENSE del Repositorio

commit a883d88f9e9ca2502fb9d30300a0869fd98cc418
Author: Andres Velarde <andersonvelarde25@gmail.com>
Date:   Fri Dec 19 10:42:06 2025 -0400

    Primer comit yeeey
